<?xml version="1.0" encoding="UTF-8"?>
<coverage generated="1676430711898" clover="3.2.0">
  <project timestamp="1676430711898" name="All files">
    <metrics statements="33" coveredstatements="33" conditionals="14" coveredconditionals="8" methods="11" coveredmethods="11" elements="58" coveredelements="52" complexity="0" loc="33" ncloc="33" packages="5" files="10" classes="10"/>
    <package name="assets.images">
      <metrics statements="1" coveredstatements="1" conditionals="0" coveredconditionals="0" methods="0" coveredmethods="0"/>
      <file name="iconoir_book.svg" path="/Users/larissabenedet/Documents/Projects/React/words-dictionary/src/assets/images/iconoir_book.svg">
        <metrics statements="1" coveredstatements="1" conditionals="0" coveredconditionals="0" methods="0" coveredmethods="0"/>
        <line num="1" count="1" type="stmt"/>
      </file>
    </package>
    <package name="components.Header.ConfigStyles">
      <metrics statements="5" coveredstatements="5" conditionals="0" coveredconditionals="0" methods="1" coveredmethods="1"/>
      <file name="index.jsx" path="/Users/larissabenedet/Documents/Projects/React/words-dictionary/src/components/Header/ConfigStyles/index.jsx">
        <metrics statements="2" coveredstatements="2" conditionals="0" coveredconditionals="0" methods="1" coveredmethods="1"/>
        <line num="8" count="1" type="stmt"/>
        <line num="9" count="1" type="stmt"/>
      </file>
      <file name="style.js" path="/Users/larissabenedet/Documents/Projects/React/words-dictionary/src/components/Header/ConfigStyles/style.js">
        <metrics statements="3" coveredstatements="3" conditionals="0" coveredconditionals="0" methods="0" coveredmethods="0"/>
        <line num="3" count="1" type="stmt"/>
        <line num="7" count="1" type="stmt"/>
        <line num="10" count="1" type="stmt"/>
      </file>
    </package>
    <package name="components.Header.ConfigStyles.FontConfig">
      <metrics statements="8" coveredstatements="8" conditionals="10" coveredconditionals="5" methods="3" coveredmethods="3"/>
      <file name="index.jsx" path="/Users/larissabenedet/Documents/Projects/React/words-dictionary/src/components/Header/ConfigStyles/FontConfig/index.jsx">
        <metrics statements="4" coveredstatements="4" conditionals="8" coveredconditionals="4" methods="1" coveredmethods="1"/>
        <line num="7" count="2" type="stmt"/>
        <line num="8" count="3" type="stmt"/>
        <line num="9" count="3" type="stmt"/>
        <line num="11" count="3" type="stmt"/>
      </file>
      <file name="styles.js" path="/Users/larissabenedet/Documents/Projects/React/words-dictionary/src/components/Header/ConfigStyles/FontConfig/styles.js">
        <metrics statements="4" coveredstatements="4" conditionals="2" coveredconditionals="1" methods="2" coveredmethods="2"/>
        <line num="4" count="2" type="stmt"/>
        <line num="6" count="3" type="cond" truecount="1" falsecount="1"/>
        <line num="10" count="2" type="stmt"/>
        <line num="12" count="6" type="stmt"/>
      </file>
    </package>
    <package name="components.Header.ConfigStyles.ThemeConfig">
      <metrics statements="7" coveredstatements="7" conditionals="2" coveredconditionals="2" methods="2" coveredmethods="2"/>
      <file name="Moon.jsx" path="/Users/larissabenedet/Documents/Projects/React/words-dictionary/src/components/Header/ConfigStyles/ThemeConfig/Moon.jsx">
        <metrics statements="2" coveredstatements="2" conditionals="2" coveredconditionals="2" methods="1" coveredmethods="1"/>
        <line num="3" count="2" type="stmt"/>
        <line num="4" count="3" type="stmt"/>
      </file>
      <file name="index.jsx" path="/Users/larissabenedet/Documents/Projects/React/words-dictionary/src/components/Header/ConfigStyles/ThemeConfig/index.jsx">
        <metrics statements="3" coveredstatements="3" conditionals="0" coveredconditionals="0" methods="1" coveredmethods="1"/>
        <line num="7" count="2" type="stmt"/>
        <line num="8" count="3" type="stmt"/>
        <line num="9" count="3" type="stmt"/>
      </file>
      <file name="styles.js" path="/Users/larissabenedet/Documents/Projects/React/words-dictionary/src/components/Header/ConfigStyles/ThemeConfig/styles.js">
        <metrics statements="2" coveredstatements="2" conditionals="0" coveredconditionals="0" methods="0" coveredmethods="0"/>
        <line num="3" count="2" type="stmt"/>
        <line num="7" count="2" type="stmt"/>
      </file>
    </package>
    <package name="contexts">
      <metrics statements="12" coveredstatements="12" conditionals="2" coveredconditionals="1" methods="5" coveredmethods="5"/>
      <file name="FontContext.jsx" path="/Users/larissabenedet/Documents/Projects/React/words-dictionary/src/contexts/FontContext.jsx">
        <metrics statements="6" coveredstatements="6" conditionals="0" coveredconditionals="0" methods="2" coveredmethods="2"/>
        <line num="4" count="3" type="stmt"/>
        <line num="6" count="3" type="stmt"/>
        <line num="8" count="4" type="stmt"/>
        <line num="10" count="4" type="stmt"/>
        <line num="11" count="1" type="stmt"/>
        <line num="14" count="4" type="stmt"/>
      </file>
      <file name="ThemeContext.jsx" path="/Users/larissabenedet/Documents/Projects/React/words-dictionary/src/contexts/ThemeContext.jsx">
        <metrics statements="6" coveredstatements="6" conditionals="2" coveredconditionals="1" methods="3" coveredmethods="3"/>
        <line num="4" count="3" type="stmt"/>
        <line num="6" count="3" type="stmt"/>
        <line num="8" count="4" type="stmt"/>
        <line num="10" count="4" type="stmt"/>
        <line num="11" count="1" type="cond" truecount="1" falsecount="1"/>
        <line num="14" count="4" type="stmt"/>
      </file>
    </package>
  </project>
</coverage>
