{"/Users/larissabenedet/Documents/Projects/React/words-dictionary/src/assets/images/iconoir_book.svg": {"path":"/Users/larissabenedet/Documents/Projects/React/words-dictionary/src/assets/images/iconoir_book.svg","statementMap":{"0":{"start":{"line":1,"column":0},"end":{"line":1,"column":19}}},"fnMap":{},"branchMap":{},"s":{"0":1},"f":{},"b":{},"_coverageSchema":"1a1c01bbd47fc00a2c39e90264f33305004495a9","hash":"7dbd507781e2e1e0276d7469d9069f9acf986a4e"}
,"/Users/larissabenedet/Documents/Projects/React/words-dictionary/src/components/Header/ConfigStyles/index.jsx": {"path":"/Users/larissabenedet/Documents/Projects/React/words-dictionary/src/components/Header/ConfigStyles/index.jsx","statementMap":{"0":{"start":{"line":8,"column":33},"end":{"line":35,"column":1}},"1":{"start":{"line":9,"column":2},"end":{"line":34,"column":3}}},"fnMap":{"0":{"name":"(anonymous_0)","decl":{"start":{"line":8,"column":33},"end":{"line":8,"column":34}},"loc":{"start":{"line":8,"column":39},"end":{"line":35,"column":1}},"line":8}},"branchMap":{},"s":{"0":1,"1":1},"f":{"0":1},"b":{},"_coverageSchema":"1a1c01bbd47fc00a2c39e90264f33305004495a9","hash":"b4ff5248525387679e2904509e207bc0325d02dd"}
,"/Users/larissabenedet/Documents/Projects/React/words-dictionary/src/components/Header/ConfigStyles/style.js": {"path":"/Users/larissabenedet/Documents/Projects/React/words-dictionary/src/components/Header/ConfigStyles/style.js","statementMap":{"0":{"start":{"line":3,"column":23},"end":{"line":5,"column":1}},"1":{"start":{"line":7,"column":23},"end":{"line":9,"column":1}},"2":{"start":{"line":10,"column":23},"end":{"line":13,"column":1}}},"fnMap":{},"branchMap":{},"s":{"0":1,"1":1,"2":1},"f":{},"b":{},"_coverageSchema":"1a1c01bbd47fc00a2c39e90264f33305004495a9","hash":"c646bdd72ddcd473a9d1e4dde0c01656719891cb"}
,"/Users/larissabenedet/Documents/Projects/React/words-dictionary/src/components/Header/ConfigStyles/FontConfig/index.jsx": {"path":"/Users/larissabenedet/Documents/Projects/React/words-dictionary/src/components/Header/ConfigStyles/FontConfig/index.jsx","statementMap":{"0":{"start":{"line":7,"column":26},"end":{"line":71,"column":1}},"1":{"start":{"line":8,"column":37},"end":{"line":8,"column":60}},"2":{"start":{"line":9,"column":20},"end":{"line":9,"column":44}},"3":{"start":{"line":11,"column":2},"end":{"line":70,"column":3}}},"fnMap":{"0":{"name":"(anonymous_0)","decl":{"start":{"line":7,"column":26},"end":{"line":7,"column":27}},"loc":{"start":{"line":7,"column":32},"end":{"line":71,"column":1}},"line":7}},"branchMap":{"0":{"loc":{"start":{"line":25,"column":16},"end":{"line":25,"column":73}},"type":"cond-expr","locations":[{"start":{"line":25,"column":36},"end":{"line":25,"column":50}},{"start":{"line":25,"column":53},"end":{"line":25,"column":73}}],"line":25},"1":{"loc":{"start":{"line":28,"column":16},"end":{"line":28,"column":73}},"type":"cond-expr","locations":[{"start":{"line":28,"column":36},"end":{"line":28,"column":56}},{"start":{"line":28,"column":59},"end":{"line":28,"column":73}}],"line":28},"2":{"loc":{"start":{"line":31,"column":16},"end":{"line":33,"column":48}},"type":"cond-expr","locations":[{"start":{"line":32,"column":20},"end":{"line":32,"column":53}},{"start":{"line":33,"column":20},"end":{"line":33,"column":48}}],"line":31},"3":{"loc":{"start":{"line":44,"column":12},"end":{"line":44,"column":70}},"type":"cond-expr","locations":[{"start":{"line":44,"column":32},"end":{"line":44,"column":53}},{"start":{"line":44,"column":56},"end":{"line":44,"column":70}}],"line":44}},"s":{"0":2,"1":3,"2":3,"3":3},"f":{"0":3},"b":{"0":[3,0],"1":[3,0],"2":[3,0],"3":[3,0]},"_coverageSchema":"1a1c01bbd47fc00a2c39e90264f33305004495a9","hash":"528d301fa4a1d2510c268c853c57fb5abd964289"}
,"/Users/larissabenedet/Documents/Projects/React/words-dictionary/src/components/Header/ConfigStyles/FontConfig/styles.js": {"path":"/Users/larissabenedet/Documents/Projects/React/words-dictionary/src/components/Header/ConfigStyles/FontConfig/styles.js","statementMap":{"0":{"start":{"line":4,"column":28},"end":{"line":8,"column":1}},"1":{"start":{"line":6,"column":30},"end":{"line":6,"column":52}},"2":{"start":{"line":10,"column":30},"end":{"line":21,"column":1}},"3":{"start":{"line":12,"column":30},"end":{"line":12,"column":40}}},"fnMap":{"0":{"name":"(anonymous_0)","decl":{"start":{"line":6,"column":19},"end":{"line":6,"column":20}},"loc":{"start":{"line":6,"column":30},"end":{"line":6,"column":52}},"line":6},"1":{"name":"(anonymous_1)","decl":{"start":{"line":12,"column":19},"end":{"line":12,"column":20}},"loc":{"start":{"line":12,"column":30},"end":{"line":12,"column":40}},"line":12}},"branchMap":{"0":{"loc":{"start":{"line":6,"column":30},"end":{"line":6,"column":52}},"type":"binary-expr","locations":[{"start":{"line":6,"column":30},"end":{"line":6,"column":41}},{"start":{"line":6,"column":45},"end":{"line":6,"column":52}}],"line":6}},"s":{"0":2,"1":3,"2":2,"3":6},"f":{"0":3,"1":6},"b":{"0":[3,0]},"_coverageSchema":"1a1c01bbd47fc00a2c39e90264f33305004495a9","hash":"7eadc0deb488e915ac099524eda8a2a6bec66e25"}
,"/Users/larissabenedet/Documents/Projects/React/words-dictionary/src/components/Header/ConfigStyles/ThemeConfig/Moon.jsx": {"path":"/Users/larissabenedet/Documents/Projects/React/words-dictionary/src/components/Header/ConfigStyles/ThemeConfig/Moon.jsx","statementMap":{"0":{"start":{"line":3,"column":20},"end":{"line":21,"column":1}},"1":{"start":{"line":4,"column":2},"end":{"line":20,"column":3}}},"fnMap":{"0":{"name":"(anonymous_0)","decl":{"start":{"line":3,"column":20},"end":{"line":3,"column":21}},"loc":{"start":{"line":3,"column":35},"end":{"line":21,"column":1}},"line":3}},"branchMap":{"0":{"loc":{"start":{"line":13,"column":16},"end":{"line":13,"column":67}},"type":"cond-expr","locations":[{"start":{"line":13,"column":36},"end":{"line":13,"column":49}},{"start":{"line":13,"column":52},"end":{"line":13,"column":67}}],"line":13}},"s":{"0":2,"1":3},"f":{"0":3},"b":{"0":[2,1]},"_coverageSchema":"1a1c01bbd47fc00a2c39e90264f33305004495a9","hash":"0994979c0f02345a5b4fed818d1a4cfdcc40555e"}
,"/Users/larissabenedet/Documents/Projects/React/words-dictionary/src/components/Header/ConfigStyles/ThemeConfig/index.jsx": {"path":"/Users/larissabenedet/Documents/Projects/React/words-dictionary/src/components/Header/ConfigStyles/ThemeConfig/index.jsx","statementMap":{"0":{"start":{"line":7,"column":27},"end":{"line":30,"column":1}},"1":{"start":{"line":8,"column":39},"end":{"line":8,"column":63}},"2":{"start":{"line":9,"column":2},"end":{"line":29,"column":3}}},"fnMap":{"0":{"name":"(anonymous_0)","decl":{"start":{"line":7,"column":27},"end":{"line":7,"column":28}},"loc":{"start":{"line":7,"column":33},"end":{"line":30,"column":1}},"line":7}},"branchMap":{},"s":{"0":2,"1":3,"2":3},"f":{"0":3},"b":{},"_coverageSchema":"1a1c01bbd47fc00a2c39e90264f33305004495a9","hash":"8f5115c471605cde5f60bcd9e58a833e57646f1c"}
,"/Users/larissabenedet/Documents/Projects/React/words-dictionary/src/components/Header/ConfigStyles/ThemeConfig/styles.js": {"path":"/Users/larissabenedet/Documents/Projects/React/words-dictionary/src/components/Header/ConfigStyles/ThemeConfig/styles.js","statementMap":{"0":{"start":{"line":3,"column":27},"end":{"line":5,"column":1}},"1":{"start":{"line":7,"column":20},"end":{"line":10,"column":1}}},"fnMap":{},"branchMap":{},"s":{"0":2,"1":2},"f":{},"b":{},"_coverageSchema":"1a1c01bbd47fc00a2c39e90264f33305004495a9","hash":"cc7871c1628250d20bb603502fec0213e5ab775c"}
,"/Users/larissabenedet/Documents/Projects/React/words-dictionary/src/contexts/FontContext.jsx": {"path":"/Users/larissabenedet/Documents/Projects/React/words-dictionary/src/contexts/FontContext.jsx","statementMap":{"0":{"start":{"line":4,"column":20},"end":{"line":4,"column":35}},"1":{"start":{"line":6,"column":28},"end":{"line":20,"column":1}},"2":{"start":{"line":8,"column":26},"end":{"line":8,"column":43}},"3":{"start":{"line":10,"column":27},"end":{"line":12,"column":3}},"4":{"start":{"line":11,"column":4},"end":{"line":11,"column":25}},"5":{"start":{"line":14,"column":2},"end":{"line":19,"column":3}}},"fnMap":{"0":{"name":"(anonymous_0)","decl":{"start":{"line":6,"column":28},"end":{"line":6,"column":29}},"loc":{"start":{"line":6,"column":46},"end":{"line":20,"column":1}},"line":6},"1":{"name":"(anonymous_1)","decl":{"start":{"line":10,"column":27},"end":{"line":10,"column":28}},"loc":{"start":{"line":10,"column":43},"end":{"line":12,"column":3}},"line":10}},"branchMap":{},"s":{"0":3,"1":3,"2":4,"3":4,"4":1,"5":4},"f":{"0":4,"1":1},"b":{},"_coverageSchema":"1a1c01bbd47fc00a2c39e90264f33305004495a9","hash":"83dc8ab8f44fccbbe7100efe606aa760e07de85f"}
,"/Users/larissabenedet/Documents/Projects/React/words-dictionary/src/contexts/ThemeContext.jsx": {"path":"/Users/larissabenedet/Documents/Projects/React/words-dictionary/src/contexts/ThemeContext.jsx","statementMap":{"0":{"start":{"line":4,"column":21},"end":{"line":4,"column":36}},"1":{"start":{"line":6,"column":29},"end":{"line":20,"column":1}},"2":{"start":{"line":8,"column":28},"end":{"line":8,"column":45}},"3":{"start":{"line":10,"column":28},"end":{"line":12,"column":3}},"4":{"start":{"line":11,"column":4},"end":{"line":11,"column":61}},"5":{"start":{"line":11,"column":24},"end":{"line":11,"column":59}},"6":{"start":{"line":14,"column":2},"end":{"line":19,"column":3}}},"fnMap":{"0":{"name":"(anonymous_0)","decl":{"start":{"line":6,"column":29},"end":{"line":6,"column":30}},"loc":{"start":{"line":6,"column":47},"end":{"line":20,"column":1}},"line":6},"1":{"name":"(anonymous_1)","decl":{"start":{"line":10,"column":28},"end":{"line":10,"column":29}},"loc":{"start":{"line":10,"column":34},"end":{"line":12,"column":3}},"line":10},"2":{"name":"(anonymous_2)","decl":{"start":{"line":11,"column":13},"end":{"line":11,"column":14}},"loc":{"start":{"line":11,"column":24},"end":{"line":11,"column":59}},"line":11}},"branchMap":{"0":{"loc":{"start":{"line":11,"column":24},"end":{"line":11,"column":59}},"type":"cond-expr","locations":[{"start":{"line":11,"column":43},"end":{"line":11,"column":49}},{"start":{"line":11,"column":52},"end":{"line":11,"column":59}}],"line":11}},"s":{"0":3,"1":3,"2":4,"3":4,"4":1,"5":1,"6":4},"f":{"0":4,"1":1,"2":1},"b":{"0":[1,0]},"_coverageSchema":"1a1c01bbd47fc00a2c39e90264f33305004495a9","hash":"7749e00e36e39b6ca562844c02d50e7ea53ac74f"}
}
